<?xml version="1.0" encoding="UTF-8"?>
<!-- Generated by org.testng.reporters.JUnitReportReporter -->
<testsuite skipped="0" hostname="sdatta" name="AA.class1test" tests="1" failures="0" timestamp="29 Jun 2019 07:28:24 GMT" time="0.012" errors="0">
  <testcase name="func1" time="0.012" classname="AA.class1test"/>
</testsuite> <!-- AA.class1test -->
