<?xml version="1.0" encoding="UTF-8"?>
<!-- Generated by org.testng.reporters.JUnitReportReporter -->
<testsuite skipped="0" hostname="sdatta" name="BB.class2" tests="1" failures="0" timestamp="29 Jun 2019 07:28:24 GMT" time="0.002" errors="0">
  <testcase name="func2" time="0.002" classname="BB.class2"/>
</testsuite> <!-- BB.class2 -->
